C:\Program Files\Microsoft Visual Studio\2022\Community\MSBuild\Microsoft\VC\v170\Microsoft.CppBuild.targets(531,5): warning MSB8028: The intermediate directory (x64\Release\) contains files shared from another project (MultiplayerGame.vcxproj).  This can lead to incorrect clean and rebuild behavior.
  Client.cpp
C:\Users\razva.POTATO-REAPER\Desktop\Hatz\MultiplayerGame\MultiplayerGame\Client.cpp(38,12): warning C4244: 'argument': conversion from 'time_t' to 'unsigned int', possible loss of data
  Player.cpp
  TileMap.cpp
C:\Users\razva.POTATO-REAPER\Desktop\Hatz\MultiplayerGame\MultiplayerGame\TileMap.cpp(74,29): warning C4018: '<': signed/unsigned mismatch
C:\Users\razva.POTATO-REAPER\Desktop\Hatz\MultiplayerGame\MultiplayerGame\TileMap.cpp(75,30): warning C4018: '<': signed/unsigned mismatch
C:\Users\razva.POTATO-REAPER\Desktop\Hatz\MultiplayerGame\MultiplayerGame\TileMap.cpp(87,48): warning C4244: 'argument': conversion from 'unsigned int' to 'T', possible loss of data
C:\Users\razva.POTATO-REAPER\Desktop\Hatz\MultiplayerGame\MultiplayerGame\TileMap.cpp(87,48): warning C4244:         with
C:\Users\razva.POTATO-REAPER\Desktop\Hatz\MultiplayerGame\MultiplayerGame\TileMap.cpp(87,48): warning C4244:         [
C:\Users\razva.POTATO-REAPER\Desktop\Hatz\MultiplayerGame\MultiplayerGame\TileMap.cpp(87,48): warning C4244:             T=float
C:\Users\razva.POTATO-REAPER\Desktop\Hatz\MultiplayerGame\MultiplayerGame\TileMap.cpp(87,48): warning C4244:         ]
C:\Users\razva.POTATO-REAPER\Desktop\Hatz\MultiplayerGame\MultiplayerGame\TileMap.cpp(87,34): warning C4244: 'argument': conversion from 'unsigned int' to 'T', possible loss of data
C:\Users\razva.POTATO-REAPER\Desktop\Hatz\MultiplayerGame\MultiplayerGame\TileMap.cpp(87,34): warning C4244:         with
C:\Users\razva.POTATO-REAPER\Desktop\Hatz\MultiplayerGame\MultiplayerGame\TileMap.cpp(87,34): warning C4244:         [
C:\Users\razva.POTATO-REAPER\Desktop\Hatz\MultiplayerGame\MultiplayerGame\TileMap.cpp(87,34): warning C4244:             T=float
C:\Users\razva.POTATO-REAPER\Desktop\Hatz\MultiplayerGame\MultiplayerGame\TileMap.cpp(87,34): warning C4244:         ]
C:\Users\razva.POTATO-REAPER\Desktop\Hatz\MultiplayerGame\MultiplayerGame\TileMap.cpp(88,54): warning C4244: 'argument': conversion from 'unsigned int' to 'T', possible loss of data
C:\Users\razva.POTATO-REAPER\Desktop\Hatz\MultiplayerGame\MultiplayerGame\TileMap.cpp(88,54): warning C4244:         with
C:\Users\razva.POTATO-REAPER\Desktop\Hatz\MultiplayerGame\MultiplayerGame\TileMap.cpp(88,54): warning C4244:         [
C:\Users\razva.POTATO-REAPER\Desktop\Hatz\MultiplayerGame\MultiplayerGame\TileMap.cpp(88,54): warning C4244:             T=float
C:\Users\razva.POTATO-REAPER\Desktop\Hatz\MultiplayerGame\MultiplayerGame\TileMap.cpp(88,54): warning C4244:         ]
C:\Users\razva.POTATO-REAPER\Desktop\Hatz\MultiplayerGame\MultiplayerGame\TileMap.cpp(88,40): warning C4244: 'argument': conversion from 'unsigned int' to 'T', possible loss of data
C:\Users\razva.POTATO-REAPER\Desktop\Hatz\MultiplayerGame\MultiplayerGame\TileMap.cpp(88,40): warning C4244:         with
C:\Users\razva.POTATO-REAPER\Desktop\Hatz\MultiplayerGame\MultiplayerGame\TileMap.cpp(88,40): warning C4244:         [
C:\Users\razva.POTATO-REAPER\Desktop\Hatz\MultiplayerGame\MultiplayerGame\TileMap.cpp(88,40): warning C4244:             T=float
C:\Users\razva.POTATO-REAPER\Desktop\Hatz\MultiplayerGame\MultiplayerGame\TileMap.cpp(88,40): warning C4244:         ]
C:\Users\razva.POTATO-REAPER\Desktop\Hatz\MultiplayerGame\MultiplayerGame\TileMap.cpp(89,60): warning C4244: 'argument': conversion from 'unsigned int' to 'T', possible loss of data
C:\Users\razva.POTATO-REAPER\Desktop\Hatz\MultiplayerGame\MultiplayerGame\TileMap.cpp(89,60): warning C4244:         with
C:\Users\razva.POTATO-REAPER\Desktop\Hatz\MultiplayerGame\MultiplayerGame\TileMap.cpp(89,60): warning C4244:         [
C:\Users\razva.POTATO-REAPER\Desktop\Hatz\MultiplayerGame\MultiplayerGame\TileMap.cpp(89,60): warning C4244:             T=float
C:\Users\razva.POTATO-REAPER\Desktop\Hatz\MultiplayerGame\MultiplayerGame\TileMap.cpp(89,60): warning C4244:         ]
C:\Users\razva.POTATO-REAPER\Desktop\Hatz\MultiplayerGame\MultiplayerGame\TileMap.cpp(89,40): warning C4244: 'argument': conversion from 'unsigned int' to 'T', possible loss of data
C:\Users\razva.POTATO-REAPER\Desktop\Hatz\MultiplayerGame\MultiplayerGame\TileMap.cpp(89,40): warning C4244:         with
C:\Users\razva.POTATO-REAPER\Desktop\Hatz\MultiplayerGame\MultiplayerGame\TileMap.cpp(89,40): warning C4244:         [
C:\Users\razva.POTATO-REAPER\Desktop\Hatz\MultiplayerGame\MultiplayerGame\TileMap.cpp(89,40): warning C4244:             T=float
C:\Users\razva.POTATO-REAPER\Desktop\Hatz\MultiplayerGame\MultiplayerGame\TileMap.cpp(89,40): warning C4244:         ]
C:\Users\razva.POTATO-REAPER\Desktop\Hatz\MultiplayerGame\MultiplayerGame\TileMap.cpp(90,54): warning C4244: 'argument': conversion from 'unsigned int' to 'T', possible loss of data
C:\Users\razva.POTATO-REAPER\Desktop\Hatz\MultiplayerGame\MultiplayerGame\TileMap.cpp(90,54): warning C4244:         with
C:\Users\razva.POTATO-REAPER\Desktop\Hatz\MultiplayerGame\MultiplayerGame\TileMap.cpp(90,54): warning C4244:         [
C:\Users\razva.POTATO-REAPER\Desktop\Hatz\MultiplayerGame\MultiplayerGame\TileMap.cpp(90,54): warning C4244:             T=float
C:\Users\razva.POTATO-REAPER\Desktop\Hatz\MultiplayerGame\MultiplayerGame\TileMap.cpp(90,54): warning C4244:         ]
C:\Users\razva.POTATO-REAPER\Desktop\Hatz\MultiplayerGame\MultiplayerGame\TileMap.cpp(90,34): warning C4244: 'argument': conversion from 'unsigned int' to 'T', possible loss of data
C:\Users\razva.POTATO-REAPER\Desktop\Hatz\MultiplayerGame\MultiplayerGame\TileMap.cpp(90,34): warning C4244:         with
C:\Users\razva.POTATO-REAPER\Desktop\Hatz\MultiplayerGame\MultiplayerGame\TileMap.cpp(90,34): warning C4244:         [
C:\Users\razva.POTATO-REAPER\Desktop\Hatz\MultiplayerGame\MultiplayerGame\TileMap.cpp(90,34): warning C4244:             T=float
C:\Users\razva.POTATO-REAPER\Desktop\Hatz\MultiplayerGame\MultiplayerGame\TileMap.cpp(90,34): warning C4244:         ]
C:\Users\razva.POTATO-REAPER\Desktop\Hatz\MultiplayerGame\MultiplayerGame\TileMap.cpp(93,51): warning C4244: 'argument': conversion from 'int' to 'T', possible loss of data
C:\Users\razva.POTATO-REAPER\Desktop\Hatz\MultiplayerGame\MultiplayerGame\TileMap.cpp(93,51): warning C4244:         with
C:\Users\razva.POTATO-REAPER\Desktop\Hatz\MultiplayerGame\MultiplayerGame\TileMap.cpp(93,51): warning C4244:         [
C:\Users\razva.POTATO-REAPER\Desktop\Hatz\MultiplayerGame\MultiplayerGame\TileMap.cpp(93,51): warning C4244:             T=float
C:\Users\razva.POTATO-REAPER\Desktop\Hatz\MultiplayerGame\MultiplayerGame\TileMap.cpp(93,51): warning C4244:         ]
C:\Users\razva.POTATO-REAPER\Desktop\Hatz\MultiplayerGame\MultiplayerGame\TileMap.cpp(93,36): warning C4244: 'argument': conversion from 'int' to 'T', possible loss of data
C:\Users\razva.POTATO-REAPER\Desktop\Hatz\MultiplayerGame\MultiplayerGame\TileMap.cpp(93,36): warning C4244:         with
C:\Users\razva.POTATO-REAPER\Desktop\Hatz\MultiplayerGame\MultiplayerGame\TileMap.cpp(93,36): warning C4244:         [
C:\Users\razva.POTATO-REAPER\Desktop\Hatz\MultiplayerGame\MultiplayerGame\TileMap.cpp(93,36): warning C4244:             T=float
C:\Users\razva.POTATO-REAPER\Desktop\Hatz\MultiplayerGame\MultiplayerGame\TileMap.cpp(93,36): warning C4244:         ]
C:\Users\razva.POTATO-REAPER\Desktop\Hatz\MultiplayerGame\MultiplayerGame\TileMap.cpp(94,57): warning C4244: 'argument': conversion from 'int' to 'T', possible loss of data
C:\Users\razva.POTATO-REAPER\Desktop\Hatz\MultiplayerGame\MultiplayerGame\TileMap.cpp(94,57): warning C4244:         with
C:\Users\razva.POTATO-REAPER\Desktop\Hatz\MultiplayerGame\MultiplayerGame\TileMap.cpp(94,57): warning C4244:         [
C:\Users\razva.POTATO-REAPER\Desktop\Hatz\MultiplayerGame\MultiplayerGame\TileMap.cpp(94,57): warning C4244:             T=float
C:\Users\razva.POTATO-REAPER\Desktop\Hatz\MultiplayerGame\MultiplayerGame\TileMap.cpp(94,57): warning C4244:         ]
C:\Users\razva.POTATO-REAPER\Desktop\Hatz\MultiplayerGame\MultiplayerGame\TileMap.cpp(94,42): warning C4244: 'argument': conversion from 'int' to 'T', possible loss of data
C:\Users\razva.POTATO-REAPER\Desktop\Hatz\MultiplayerGame\MultiplayerGame\TileMap.cpp(94,42): warning C4244:         with
C:\Users\razva.POTATO-REAPER\Desktop\Hatz\MultiplayerGame\MultiplayerGame\TileMap.cpp(94,42): warning C4244:         [
C:\Users\razva.POTATO-REAPER\Desktop\Hatz\MultiplayerGame\MultiplayerGame\TileMap.cpp(94,42): warning C4244:             T=float
C:\Users\razva.POTATO-REAPER\Desktop\Hatz\MultiplayerGame\MultiplayerGame\TileMap.cpp(94,42): warning C4244:         ]
C:\Users\razva.POTATO-REAPER\Desktop\Hatz\MultiplayerGame\MultiplayerGame\TileMap.cpp(95,63): warning C4244: 'argument': conversion from 'int' to 'T', possible loss of data
C:\Users\razva.POTATO-REAPER\Desktop\Hatz\MultiplayerGame\MultiplayerGame\TileMap.cpp(95,63): warning C4244:         with
C:\Users\razva.POTATO-REAPER\Desktop\Hatz\MultiplayerGame\MultiplayerGame\TileMap.cpp(95,63): warning C4244:         [
C:\Users\razva.POTATO-REAPER\Desktop\Hatz\MultiplayerGame\MultiplayerGame\TileMap.cpp(95,63): warning C4244:             T=float
C:\Users\razva.POTATO-REAPER\Desktop\Hatz\MultiplayerGame\MultiplayerGame\TileMap.cpp(95,63): warning C4244:         ]
C:\Users\razva.POTATO-REAPER\Desktop\Hatz\MultiplayerGame\MultiplayerGame\TileMap.cpp(95,42): warning C4244: 'argument': conversion from 'int' to 'T', possible loss of data
C:\Users\razva.POTATO-REAPER\Desktop\Hatz\MultiplayerGame\MultiplayerGame\TileMap.cpp(95,42): warning C4244:         with
C:\Users\razva.POTATO-REAPER\Desktop\Hatz\MultiplayerGame\MultiplayerGame\TileMap.cpp(95,42): warning C4244:         [
C:\Users\razva.POTATO-REAPER\Desktop\Hatz\MultiplayerGame\MultiplayerGame\TileMap.cpp(95,42): warning C4244:             T=float
C:\Users\razva.POTATO-REAPER\Desktop\Hatz\MultiplayerGame\MultiplayerGame\TileMap.cpp(95,42): warning C4244:         ]
C:\Users\razva.POTATO-REAPER\Desktop\Hatz\MultiplayerGame\MultiplayerGame\TileMap.cpp(96,57): warning C4244: 'argument': conversion from 'int' to 'T', possible loss of data
C:\Users\razva.POTATO-REAPER\Desktop\Hatz\MultiplayerGame\MultiplayerGame\TileMap.cpp(96,57): warning C4244:         with
C:\Users\razva.POTATO-REAPER\Desktop\Hatz\MultiplayerGame\MultiplayerGame\TileMap.cpp(96,57): warning C4244:         [
C:\Users\razva.POTATO-REAPER\Desktop\Hatz\MultiplayerGame\MultiplayerGame\TileMap.cpp(96,57): warning C4244:             T=float
C:\Users\razva.POTATO-REAPER\Desktop\Hatz\MultiplayerGame\MultiplayerGame\TileMap.cpp(96,57): warning C4244:         ]
C:\Users\razva.POTATO-REAPER\Desktop\Hatz\MultiplayerGame\MultiplayerGame\TileMap.cpp(96,36): warning C4244: 'argument': conversion from 'int' to 'T', possible loss of data
C:\Users\razva.POTATO-REAPER\Desktop\Hatz\MultiplayerGame\MultiplayerGame\TileMap.cpp(96,36): warning C4244:         with
C:\Users\razva.POTATO-REAPER\Desktop\Hatz\MultiplayerGame\MultiplayerGame\TileMap.cpp(96,36): warning C4244:         [
C:\Users\razva.POTATO-REAPER\Desktop\Hatz\MultiplayerGame\MultiplayerGame\TileMap.cpp(96,36): warning C4244:             T=float
C:\Users\razva.POTATO-REAPER\Desktop\Hatz\MultiplayerGame\MultiplayerGame\TileMap.cpp(96,36): warning C4244:         ]
  Generating code
  29 of 1090 functions ( 2.7%) were compiled, the rest were copied from previous compilation.
    3 functions were new in current compilation
    35 functions had inline decision re-evaluated but remain unchanged
  Finished generating code
  MultiplayerGame.vcxproj -> C:\Users\razva.POTATO-REAPER\Desktop\Hatz\MultiplayerGame\x64\Release\Client.exe
